D:\PI\NOTRE VERSION\ROBOT\ROBOT\DEBUG\CALLBACKS.OBJ
D:\PI\NOTRE VERSION\ROBOT\ROBOT\DEBUG\MAIN.OBJ
D:\PI\NOTRE VERSION\ROBOT\ROBOT\DEBUG\VC110.PDB
D:\PI\NOTRE VERSION\ROBOT\DEBUG\ROBOT.ILK
D:\PI\NOTRE VERSION\ROBOT\DEBUG\ROBOT.EXE
D:\PI\NOTRE VERSION\ROBOT\DEBUG\ROBOT.PDB
D:\PI\Notre version\Robot\Debug\Robot.lib
D:\PI\Notre version\Robot\Debug\Robot.exp
D:\PI\Notre version\Robot\Robot\Debug\callbacks.obj
D:\PI\Notre version\Robot\Robot\Debug\main.obj
D:\PI\Notre version\Robot\Robot\Debug\cl.command.1.tlog
D:\PI\Notre version\Robot\Robot\Debug\CL.read.1.tlog
D:\PI\Notre version\Robot\Robot\Debug\CL.write.1.tlog
D:\PI\Notre version\Robot\Robot\Debug\link-cvtres.read.1.tlog
D:\PI\Notre version\Robot\Robot\Debug\link-cvtres.write.1.tlog
D:\PI\Notre version\Robot\Robot\Debug\link-rc.read.1.tlog
D:\PI\Notre version\Robot\Robot\Debug\link-rc.write.1.tlog
D:\PI\Notre version\Robot\Robot\Debug\link.command.1.tlog
D:\PI\Notre version\Robot\Robot\Debug\link.read.1.tlog
D:\PI\Notre version\Robot\Robot\Debug\link.write.1.tlog
D:\PI\Notre version\Robot\Robot\Debug\Robot.write.1.tlog
D:\PI\Notre version\Robot\Robot\Debug\vc110.idb
D:\PI\Notre version\Robot\Robot\Debug\vc110.pdb
D:\PI\Notre version\Robot\Debug\Robot.pdb
D:\PI\Notre version\Robot\Debug\Robot.exe
D:\PI\Notre version\Robot\Debug\Robot.ilk
